[21-Feb-2022 15:56:29 Europe/Berlin] Error connexion to DB

[21-Feb-2022 15:56:29 Europe/Berlin] PHP Notice:  Undefined variable: db in /home/samira/epitech/C-RDG-114-PAR-1-2-myshop-vladimira.grosjean/my_first_shop/admin.php on line 8
[21-Feb-2022 15:56:29 Europe/Berlin] PHP Fatal error:  Uncaught Error: Call to a member function query() on null in /home/samira/epitech/C-RDG-114-PAR-1-2-myshop-vladimira.grosjean/my_first_shop/admin.php:8
Stack trace:
#0 {main}
  thrown in /home/samira/epitech/C-RDG-114-PAR-1-2-myshop-vladimira.grosjean/my_first_shop/admin.php on line 8
[21-Feb-2022 15:57:44 Europe/Berlin] PHP Notice:  Undefined variable: db in /home/samira/epitech/C-RDG-114-PAR-1-2-myshop-vladimira.grosjean/my_first_shop/admin.php on line 8
[21-Feb-2022 15:57:44 Europe/Berlin] PHP Fatal error:  Uncaught Error: Call to a member function query() on null in /home/samira/epitech/C-RDG-114-PAR-1-2-myshop-vladimira.grosjean/my_first_shop/admin.php:8
Stack trace:
#0 {main}
  thrown in /home/samira/epitech/C-RDG-114-PAR-1-2-myshop-vladimira.grosjean/my_first_shop/admin.php on line 8
[21-Feb-2022 15:57:47 Europe/Berlin] PHP Notice:  Undefined variable: db in /home/samira/epitech/C-RDG-114-PAR-1-2-myshop-vladimira.grosjean/my_first_shop/admin.php on line 8
[21-Feb-2022 15:57:47 Europe/Berlin] PHP Fatal error:  Uncaught Error: Call to a member function query() on null in /home/samira/epitech/C-RDG-114-PAR-1-2-myshop-vladimira.grosjean/my_first_shop/admin.php:8
Stack trace:
#0 {main}
  thrown in /home/samira/epitech/C-RDG-114-PAR-1-2-myshop-vladimira.grosjean/my_first_shop/admin.php on line 8
[21-Feb-2022 15:57:49 Europe/Berlin] PHP Notice:  Undefined variable: db in /home/samira/epitech/C-RDG-114-PAR-1-2-myshop-vladimira.grosjean/my_first_shop/admin.php on line 8
[21-Feb-2022 15:57:49 Europe/Berlin] PHP Fatal error:  Uncaught Error: Call to a member function query() on null in /home/samira/epitech/C-RDG-114-PAR-1-2-myshop-vladimira.grosjean/my_first_shop/admin.php:8
Stack trace:
#0 {main}
  thrown in /home/samira/epitech/C-RDG-114-PAR-1-2-myshop-vladimira.grosjean/my_first_shop/admin.php on line 8
[21-Feb-2022 15:57:50 Europe/Berlin] PHP Notice:  Undefined variable: db in /home/samira/epitech/C-RDG-114-PAR-1-2-myshop-vladimira.grosjean/my_first_shop/admin.php on line 8
[21-Feb-2022 15:57:50 Europe/Berlin] PHP Fatal error:  Uncaught Error: Call to a member function query() on null in /home/samira/epitech/C-RDG-114-PAR-1-2-myshop-vladimira.grosjean/my_first_shop/admin.php:8
Stack trace:
#0 {main}
  thrown in /home/samira/epitech/C-RDG-114-PAR-1-2-myshop-vladimira.grosjean/my_first_shop/admin.php on line 8
[21-Feb-2022 15:57:51 Europe/Berlin] PHP Notice:  Undefined variable: db in /home/samira/epitech/C-RDG-114-PAR-1-2-myshop-vladimira.grosjean/my_first_shop/admin.php on line 8
[21-Feb-2022 15:57:51 Europe/Berlin] PHP Fatal error:  Uncaught Error: Call to a member function query() on null in /home/samira/epitech/C-RDG-114-PAR-1-2-myshop-vladimira.grosjean/my_first_shop/admin.php:8
Stack trace:
#0 {main}
  thrown in /home/samira/epitech/C-RDG-114-PAR-1-2-myshop-vladimira.grosjean/my_first_shop/admin.php on line 8
[21-Feb-2022 15:57:51 Europe/Berlin] PHP Notice:  Undefined variable: db in /home/samira/epitech/C-RDG-114-PAR-1-2-myshop-vladimira.grosjean/my_first_shop/admin.php on line 8
[21-Feb-2022 15:57:51 Europe/Berlin] PHP Fatal error:  Uncaught Error: Call to a member function query() on null in /home/samira/epitech/C-RDG-114-PAR-1-2-myshop-vladimira.grosjean/my_first_shop/admin.php:8
Stack trace:
#0 {main}
  thrown in /home/samira/epitech/C-RDG-114-PAR-1-2-myshop-vladimira.grosjean/my_first_shop/admin.php on line 8
[21-Feb-2022 15:58:23 Europe/Berlin] PHP Notice:  Undefined variable: db in /home/samira/epitech/C-RDG-114-PAR-1-2-myshop-vladimira.grosjean/my_first_shop/admin.php on line 8
[21-Feb-2022 15:58:23 Europe/Berlin] PHP Fatal error:  Uncaught Error: Call to a member function query() on null in /home/samira/epitech/C-RDG-114-PAR-1-2-myshop-vladimira.grosjean/my_first_shop/admin.php:8
Stack trace:
#0 {main}
  thrown in /home/samira/epitech/C-RDG-114-PAR-1-2-myshop-vladimira.grosjean/my_first_shop/admin.php on line 8
[21-Feb-2022 15:58:25 Europe/Berlin] PHP Notice:  Undefined variable: db in /home/samira/epitech/C-RDG-114-PAR-1-2-myshop-vladimira.grosjean/my_first_shop/admin.php on line 8
[21-Feb-2022 15:58:25 Europe/Berlin] PHP Fatal error:  Uncaught Error: Call to a member function query() on null in /home/samira/epitech/C-RDG-114-PAR-1-2-myshop-vladimira.grosjean/my_first_shop/admin.php:8
Stack trace:
#0 {main}
  thrown in /home/samira/epitech/C-RDG-114-PAR-1-2-myshop-vladimira.grosjean/my_first_shop/admin.php on line 8
[21-Feb-2022 15:58:26 Europe/Berlin] PHP Notice:  Undefined variable: db in /home/samira/epitech/C-RDG-114-PAR-1-2-myshop-vladimira.grosjean/my_first_shop/admin.php on line 8
[21-Feb-2022 15:58:26 Europe/Berlin] PHP Fatal error:  Uncaught Error: Call to a member function query() on null in /home/samira/epitech/C-RDG-114-PAR-1-2-myshop-vladimira.grosjean/my_first_shop/admin.php:8
Stack trace:
#0 {main}
  thrown in /home/samira/epitech/C-RDG-114-PAR-1-2-myshop-vladimira.grosjean/my_first_shop/admin.php on line 8
[21-Feb-2022 15:59:22 Europe/Berlin] PHP Notice:  Undefined variable: db in /home/samira/epitech/C-RDG-114-PAR-1-2-myshop-vladimira.grosjean/my_first_shop/admin.php on line 8
[21-Feb-2022 15:59:22 Europe/Berlin] PHP Fatal error:  Uncaught Error: Call to a member function query() on null in /home/samira/epitech/C-RDG-114-PAR-1-2-myshop-vladimira.grosjean/my_first_shop/admin.php:8
Stack trace:
#0 {main}
  thrown in /home/samira/epitech/C-RDG-114-PAR-1-2-myshop-vladimira.grosjean/my_first_shop/admin.php on line 8
[21-Feb-2022 15:59:26 Europe/Berlin] PHP Notice:  Undefined variable: db in /home/samira/epitech/C-RDG-114-PAR-1-2-myshop-vladimira.grosjean/my_first_shop/admin.php on line 8
[21-Feb-2022 15:59:26 Europe/Berlin] PHP Fatal error:  Uncaught Error: Call to a member function query() on null in /home/samira/epitech/C-RDG-114-PAR-1-2-myshop-vladimira.grosjean/my_first_shop/admin.php:8
Stack trace:
#0 {main}
  thrown in /home/samira/epitech/C-RDG-114-PAR-1-2-myshop-vladimira.grosjean/my_first_shop/admin.php on line 8
[21-Feb-2022 15:59:27 Europe/Berlin] PHP Notice:  Undefined variable: db in /home/samira/epitech/C-RDG-114-PAR-1-2-myshop-vladimira.grosjean/my_first_shop/admin.php on line 8
[21-Feb-2022 15:59:27 Europe/Berlin] PHP Fatal error:  Uncaught Error: Call to a member function query() on null in /home/samira/epitech/C-RDG-114-PAR-1-2-myshop-vladimira.grosjean/my_first_shop/admin.php:8
Stack trace:
#0 {main}
  thrown in /home/samira/epitech/C-RDG-114-PAR-1-2-myshop-vladimira.grosjean/my_first_shop/admin.php on line 8
[21-Feb-2022 15:59:48 Europe/Berlin] PHP Notice:  Undefined variable: db in /home/samira/epitech/C-RDG-114-PAR-1-2-myshop-vladimira.grosjean/my_first_shop/admin.php on line 8
[21-Feb-2022 15:59:48 Europe/Berlin] PHP Fatal error:  Uncaught Error: Call to a member function query() on null in /home/samira/epitech/C-RDG-114-PAR-1-2-myshop-vladimira.grosjean/my_first_shop/admin.php:8
Stack trace:
#0 {main}
  thrown in /home/samira/epitech/C-RDG-114-PAR-1-2-myshop-vladimira.grosjean/my_first_shop/admin.php on line 8
[21-Feb-2022 15:59:50 Europe/Berlin] PHP Notice:  Undefined variable: db in /home/samira/epitech/C-RDG-114-PAR-1-2-myshop-vladimira.grosjean/my_first_shop/admin.php on line 8
[21-Feb-2022 15:59:50 Europe/Berlin] PHP Fatal error:  Uncaught Error: Call to a member function query() on null in /home/samira/epitech/C-RDG-114-PAR-1-2-myshop-vladimira.grosjean/my_first_shop/admin.php:8
Stack trace:
#0 {main}
  thrown in /home/samira/epitech/C-RDG-114-PAR-1-2-myshop-vladimira.grosjean/my_first_shop/admin.php on line 8
[21-Feb-2022 15:59:51 Europe/Berlin] PHP Notice:  Undefined variable: db in /home/samira/epitech/C-RDG-114-PAR-1-2-myshop-vladimira.grosjean/my_first_shop/admin.php on line 8
[21-Feb-2022 15:59:51 Europe/Berlin] PHP Fatal error:  Uncaught Error: Call to a member function query() on null in /home/samira/epitech/C-RDG-114-PAR-1-2-myshop-vladimira.grosjean/my_first_shop/admin.php:8
Stack trace:
#0 {main}
  thrown in /home/samira/epitech/C-RDG-114-PAR-1-2-myshop-vladimira.grosjean/my_first_shop/admin.php on line 8
[21-Feb-2022 16:00:28 Europe/Berlin] PHP Notice:  Undefined variable: db in /home/samira/epitech/C-RDG-114-PAR-1-2-myshop-vladimira.grosjean/my_first_shop/admin.php on line 8
[21-Feb-2022 16:00:28 Europe/Berlin] PHP Fatal error:  Uncaught Error: Call to a member function query() on null in /home/samira/epitech/C-RDG-114-PAR-1-2-myshop-vladimira.grosjean/my_first_shop/admin.php:8
Stack trace:
#0 {main}
  thrown in /home/samira/epitech/C-RDG-114-PAR-1-2-myshop-vladimira.grosjean/my_first_shop/admin.php on line 8
[21-Feb-2022 16:00:30 Europe/Berlin] PHP Notice:  Undefined variable: db in /home/samira/epitech/C-RDG-114-PAR-1-2-myshop-vladimira.grosjean/my_first_shop/admin.php on line 8
[21-Feb-2022 16:00:30 Europe/Berlin] PHP Fatal error:  Uncaught Error: Call to a member function query() on null in /home/samira/epitech/C-RDG-114-PAR-1-2-myshop-vladimira.grosjean/my_first_shop/admin.php:8
Stack trace:
#0 {main}
  thrown in /home/samira/epitech/C-RDG-114-PAR-1-2-myshop-vladimira.grosjean/my_first_shop/admin.php on line 8
[21-Feb-2022 16:02:53 Europe/Berlin] PHP Notice:  Undefined variable: db in /home/samira/epitech/C-RDG-114-PAR-1-2-myshop-vladimira.grosjean/my_first_shop/admin.php on line 6
[21-Feb-2022 16:02:53 Europe/Berlin] PHP Fatal error:  Uncaught Error: Call to a member function prepare() on null in /home/samira/epitech/C-RDG-114-PAR-1-2-myshop-vladimira.grosjean/my_first_shop/admin.php:6
Stack trace:
#0 {main}
  thrown in /home/samira/epitech/C-RDG-114-PAR-1-2-myshop-vladimira.grosjean/my_first_shop/admin.php on line 6
[21-Feb-2022 16:02:55 Europe/Berlin] PHP Notice:  Undefined variable: db in /home/samira/epitech/C-RDG-114-PAR-1-2-myshop-vladimira.grosjean/my_first_shop/admin.php on line 6
[21-Feb-2022 16:02:55 Europe/Berlin] PHP Fatal error:  Uncaught Error: Call to a member function prepare() on null in /home/samira/epitech/C-RDG-114-PAR-1-2-myshop-vladimira.grosjean/my_first_shop/admin.php:6
Stack trace:
#0 {main}
  thrown in /home/samira/epitech/C-RDG-114-PAR-1-2-myshop-vladimira.grosjean/my_first_shop/admin.php on line 6
[21-Feb-2022 16:02:56 Europe/Berlin] PHP Notice:  Undefined variable: db in /home/samira/epitech/C-RDG-114-PAR-1-2-myshop-vladimira.grosjean/my_first_shop/admin.php on line 6
[21-Feb-2022 16:02:56 Europe/Berlin] PHP Fatal error:  Uncaught Error: Call to a member function prepare() on null in /home/samira/epitech/C-RDG-114-PAR-1-2-myshop-vladimira.grosjean/my_first_shop/admin.php:6
Stack trace:
#0 {main}
  thrown in /home/samira/epitech/C-RDG-114-PAR-1-2-myshop-vladimira.grosjean/my_first_shop/admin.php on line 6
[21-Feb-2022 16:03:03 Europe/Berlin] PHP Notice:  Undefined variable: db in /home/samira/epitech/C-RDG-114-PAR-1-2-myshop-vladimira.grosjean/my_first_shop/admin.php on line 6
[21-Feb-2022 16:03:03 Europe/Berlin] PHP Fatal error:  Uncaught Error: Call to a member function prepare() on null in /home/samira/epitech/C-RDG-114-PAR-1-2-myshop-vladimira.grosjean/my_first_shop/admin.php:6
Stack trace:
#0 {main}
  thrown in /home/samira/epitech/C-RDG-114-PAR-1-2-myshop-vladimira.grosjean/my_first_shop/admin.php on line 6
[21-Feb-2022 16:04:07 Europe/Berlin] PHP Notice:  Undefined variable: db in /home/samira/epitech/C-RDG-114-PAR-1-2-myshop-vladimira.grosjean/my_first_shop/admin.php on line 6
[21-Feb-2022 16:04:07 Europe/Berlin] PHP Fatal error:  Uncaught Error: Call to a member function prepare() on null in /home/samira/epitech/C-RDG-114-PAR-1-2-myshop-vladimira.grosjean/my_first_shop/admin.php:6
Stack trace:
#0 {main}
  thrown in /home/samira/epitech/C-RDG-114-PAR-1-2-myshop-vladimira.grosjean/my_first_shop/admin.php on line 6
[21-Feb-2022 16:04:10 Europe/Berlin] PHP Notice:  Undefined variable: db in /home/samira/epitech/C-RDG-114-PAR-1-2-myshop-vladimira.grosjean/my_first_shop/admin.php on line 6
[21-Feb-2022 16:04:10 Europe/Berlin] PHP Fatal error:  Uncaught Error: Call to a member function prepare() on null in /home/samira/epitech/C-RDG-114-PAR-1-2-myshop-vladimira.grosjean/my_first_shop/admin.php:6
Stack trace:
#0 {main}
  thrown in /home/samira/epitech/C-RDG-114-PAR-1-2-myshop-vladimira.grosjean/my_first_shop/admin.php on line 6
[21-Feb-2022 16:04:11 Europe/Berlin] PHP Notice:  Undefined variable: db in /home/samira/epitech/C-RDG-114-PAR-1-2-myshop-vladimira.grosjean/my_first_shop/admin.php on line 6
[21-Feb-2022 16:04:11 Europe/Berlin] PHP Fatal error:  Uncaught Error: Call to a member function prepare() on null in /home/samira/epitech/C-RDG-114-PAR-1-2-myshop-vladimira.grosjean/my_first_shop/admin.php:6
Stack trace:
#0 {main}
  thrown in /home/samira/epitech/C-RDG-114-PAR-1-2-myshop-vladimira.grosjean/my_first_shop/admin.php on line 6
